2023-04-29 00:04:57,265 - F:\PythonWorkPlace\EdgeFlow\core\context.py[line:93] - INFO: 初始化配置文件
2023-04-29 00:05:12,870 - F:\PythonWorkPlace\EdgeFlow\core\context.py[line:93] - INFO: 初始化配置文件
2023-04-29 00:05:12,870 - F:\PythonWorkPlace\EdgeFlow\core\context.py[line:97] - INFO: 检查系统环境
2023-04-29 00:06:02,592 - F:\PythonWorkPlace\EdgeFlow\core\context.py[line:93] - INFO: 初始化配置文件
2023-04-29 00:06:02,592 - F:\PythonWorkPlace\EdgeFlow\core\context.py[line:97] - INFO: 检查系统环境
2023-04-29 00:07:20,947 - F:\PythonWorkPlace\EdgeFlow\core\context.py[line:93] - INFO: 初始化配置文件
2023-04-29 00:07:20,947 - F:\PythonWorkPlace\EdgeFlow\core\context.py[line:97] - INFO: 检查系统环境
2023-04-29 00:08:33,124 - F:\PythonWorkPlace\EdgeFlow\core\context.py[line:93] - INFO: 初始化配置文件
2023-04-29 00:08:33,124 - F:\PythonWorkPlace\EdgeFlow\core\context.py[line:97] - INFO: 检查系统环境
2023-04-29 02:47:42,162 - F:\PythonWorkPlace\EdgeFlow\core\context.py[line:93] - INFO: 初始化配置文件
2023-04-29 02:47:42,162 - F:\PythonWorkPlace\EdgeFlow\core\context.py[line:97] - INFO: 检查系统环境
2023-04-29 02:49:05,076 - F:\PythonWorkPlace\EdgeFlow\core\context.py[line:93] - INFO: 初始化配置文件
2023-04-29 02:49:05,076 - F:\PythonWorkPlace\EdgeFlow\core\context.py[line:97] - INFO: 检查系统环境
2023-04-29 02:50:19,063 - F:\PythonWorkPlace\EdgeFlow\core\context.py[line:93] - INFO: 初始化配置文件
2023-04-29 02:50:19,063 - F:\PythonWorkPlace\EdgeFlow\core\context.py[line:97] - INFO: 检查系统环境
2023-04-29 02:50:19,079 - F:\PythonWorkPlace\EdgeFlow\core\context.py[line:112] - INFO: 正在激活BaseContext服务---->
2023-04-29 02:51:16,138 - F:\PythonWorkPlace\EdgeFlow\core\context.py[line:93] - INFO: 初始化配置文件
2023-04-29 02:51:16,138 - F:\PythonWorkPlace\EdgeFlow\core\context.py[line:97] - INFO: 检查系统环境
2023-04-29 02:51:16,154 - F:\PythonWorkPlace\EdgeFlow\core\context.py[line:112] - INFO: 正在激活BaseContext服务---->
2023-04-29 02:55:26,544 - F:\PythonWorkPlace\EdgeFlow\core\context.py[line:78] - INFO: 初始化配置文件
2023-04-29 02:55:26,544 - F:\PythonWorkPlace\EdgeFlow\core\context.py[line:82] - INFO: 检查系统环境
2023-04-29 02:55:26,560 - F:\PythonWorkPlace\EdgeFlow\core\context.py[line:97] - INFO: 正在激活BaseContext服务---->
2023-04-29 08:58:50,098 - F:\PythonWorkPlace\EdgeFlow\core\context.py[line:79] - INFO: 初始化配置文件
2023-04-29 08:58:50,098 - F:\PythonWorkPlace\EdgeFlow\core\context.py[line:83] - INFO: 检查系统环境
2023-04-29 08:58:50,131 - F:\PythonWorkPlace\EdgeFlow\core\context.py[line:98] - INFO: 正在激活BaseContext服务---->
2023-04-29 09:00:09,494 - F:\PythonWorkPlace\EdgeFlow\core\context.py[line:79] - INFO: 初始化配置文件
2023-04-29 09:00:09,494 - F:\PythonWorkPlace\EdgeFlow\core\context.py[line:83] - INFO: 检查系统环境
2023-04-29 09:00:09,509 - F:\PythonWorkPlace\EdgeFlow\core\context.py[line:98] - INFO: 正在激活BaseContext服务---->
2023-04-29 09:00:39,629 - F:\PythonWorkPlace\EdgeFlow\core\context.py[line:81] - INFO: 初始化配置文件
2023-04-29 09:00:39,629 - F:\PythonWorkPlace\EdgeFlow\core\context.py[line:85] - INFO: 检查系统环境
2023-04-29 09:00:39,644 - F:\PythonWorkPlace\EdgeFlow\core\context.py[line:100] - INFO: 正在激活BaseContext服务---->
2023-04-29 09:01:40,319 - F:\PythonWorkPlace\EdgeFlow\core\context.py[line:82] - INFO: 初始化配置文件
2023-04-29 09:01:40,319 - F:\PythonWorkPlace\EdgeFlow\core\context.py[line:86] - INFO: 检查系统环境
2023-04-29 09:01:40,334 - F:\PythonWorkPlace\EdgeFlow\core\context.py[line:101] - INFO: 正在激活BaseContext服务---->
2023-04-29 09:02:06,976 - F:\PythonWorkPlace\EdgeFlow\core\context.py[line:82] - INFO: 初始化配置文件
2023-04-29 09:02:06,976 - F:\PythonWorkPlace\EdgeFlow\core\context.py[line:86] - INFO: 检查系统环境
2023-04-29 09:02:06,992 - F:\PythonWorkPlace\EdgeFlow\core\context.py[line:101] - INFO: 正在激活BaseContext服务---->
2023-04-29 09:02:44,266 - F:\PythonWorkPlace\EdgeFlow\core\context.py[line:82] - INFO: 初始化配置文件
2023-04-29 09:02:44,267 - F:\PythonWorkPlace\EdgeFlow\core\context.py[line:86] - INFO: 检查系统环境
2023-04-29 09:02:44,282 - F:\PythonWorkPlace\EdgeFlow\core\context.py[line:101] - INFO: 正在激活BaseContext服务---->
2023-04-29 09:02:44,286 - F:\PythonWorkPlace\EdgeFlow\core\context.py[line:101] - INFO: 正在激活Gui服务---->
2023-04-29 09:03:50,024 - F:\PythonWorkPlace\EdgeFlow\core\context.py[line:82] - INFO: 初始化配置文件
2023-04-29 09:03:50,024 - F:\PythonWorkPlace\EdgeFlow\core\context.py[line:86] - INFO: 检查系统环境
2023-04-29 09:03:50,039 - F:\PythonWorkPlace\EdgeFlow\core\context.py[line:101] - INFO: 正在激活BaseContext服务---->
2023-04-29 09:03:50,043 - F:\PythonWorkPlace\EdgeFlow\core\context.py[line:101] - INFO: 正在激活Gui服务---->
2023-04-29 09:48:27,032 - F:\PythonWorkPlace\EdgeFlow\core\context.py[line:82] - INFO: 初始化配置文件
2023-04-29 09:48:27,036 - F:\PythonWorkPlace\EdgeFlow\core\context.py[line:86] - INFO: 检查系统环境
2023-04-29 09:48:27,067 - F:\PythonWorkPlace\EdgeFlow\core\context.py[line:101] - INFO: 正在激活BaseContext服务---->
2023-04-29 09:48:27,084 - F:\PythonWorkPlace\EdgeFlow\core\context.py[line:101] - INFO: 正在激活Gui服务---->
2023-04-29 09:48:27,085 - F:\PythonWorkPlace\EdgeFlow\core\context.py[line:119] - INFO: 启动服务
2023-04-29 09:48:27,085 - F:\PythonWorkPlace\EdgeFlow\core\context.py[line:121] - INFO: 启动BaseContext服务
2023-04-29 09:48:27,094 - F:\PythonWorkPlace\EdgeFlow\core\context.py[line:121] - INFO: 启动Gui服务
2023-04-29 09:48:27,097 - F:\PythonWorkPlace\EdgeFlow\core\context.py[line:123] - INFO: 服务启动完成
2023-04-29 09:49:20,524 - F:\PythonWorkPlace\EdgeFlow\core\context.py[line:82] - INFO: 初始化配置文件
2023-04-29 09:49:20,524 - F:\PythonWorkPlace\EdgeFlow\core\context.py[line:86] - INFO: 检查系统环境
2023-04-29 09:49:20,539 - F:\PythonWorkPlace\EdgeFlow\core\context.py[line:101] - INFO: 正在激活BaseContext服务---->
2023-04-29 09:49:20,544 - F:\PythonWorkPlace\EdgeFlow\core\context.py[line:101] - INFO: 正在激活Gui服务---->
2023-04-29 09:49:20,545 - F:\PythonWorkPlace\EdgeFlow\core\context.py[line:119] - INFO: 启动服务
2023-04-29 09:49:20,545 - F:\PythonWorkPlace\EdgeFlow\core\context.py[line:121] - INFO: 启动BaseContext服务
2023-04-29 09:49:20,552 - F:\PythonWorkPlace\EdgeFlow\core\context.py[line:121] - INFO: 启动Gui服务
2023-04-29 09:49:20,556 - F:\PythonWorkPlace\EdgeFlow\core\context.py[line:123] - INFO: 服务启动完成
2023-04-29 10:02:51,976 - F:\PythonWorkPlace\EdgeFlow\core\context.py[line:82] - INFO: 初始化配置文件
2023-04-29 10:02:51,977 - F:\PythonWorkPlace\EdgeFlow\core\context.py[line:86] - INFO: 检查系统环境
2023-04-29 10:02:51,992 - F:\PythonWorkPlace\EdgeFlow\core\context.py[line:101] - INFO: 正在激活BaseContext服务---->
2023-04-29 10:02:51,996 - F:\PythonWorkPlace\EdgeFlow\core\context.py[line:101] - INFO: 正在激活Gui服务---->
2023-04-29 10:02:51,996 - F:\PythonWorkPlace\EdgeFlow\core\context.py[line:119] - INFO: 启动服务
2023-04-29 10:02:51,997 - F:\PythonWorkPlace\EdgeFlow\core\context.py[line:121] - INFO: 启动BaseContext服务
2023-04-29 10:02:52,004 - F:\PythonWorkPlace\EdgeFlow\core\context.py[line:121] - INFO: 启动Gui服务
2023-04-29 10:02:52,007 - F:\PythonWorkPlace\EdgeFlow\core\context.py[line:123] - INFO: 服务启动完成
2023-04-29 10:04:12,424 - F:\PythonWorkPlace\EdgeFlow\core\context.py[line:82] - INFO: 初始化配置文件
2023-04-29 10:04:12,424 - F:\PythonWorkPlace\EdgeFlow\core\context.py[line:86] - INFO: 检查系统环境
2023-04-29 10:04:12,439 - F:\PythonWorkPlace\EdgeFlow\core\context.py[line:101] - INFO: 正在激活BaseContext服务---->
2023-04-29 10:04:12,444 - F:\PythonWorkPlace\EdgeFlow\core\context.py[line:101] - INFO: 正在激活Gui服务---->
2023-04-29 10:04:12,444 - F:\PythonWorkPlace\EdgeFlow\core\context.py[line:119] - INFO: 启动服务
2023-04-29 10:04:12,445 - F:\PythonWorkPlace\EdgeFlow\core\context.py[line:121] - INFO: 启动BaseContext服务
2023-04-29 10:04:12,451 - F:\PythonWorkPlace\EdgeFlow\core\context.py[line:121] - INFO: 启动Gui服务
2023-04-29 10:04:12,455 - F:\PythonWorkPlace\EdgeFlow\core\context.py[line:123] - INFO: 服务启动完成
